{"level":"info","message":"Request from ::1","timestamp":"2017-12-01T01:24:52.863Z"}
{"level":"info","message":"Request from ::1","timestamp":"2017-12-01T01:24:53.215Z"}
{"level":"info","message":"Request from ::1","timestamp":"2017-12-01T01:24:53.680Z"}
{"level":"info","message":"Request from ::1","timestamp":"2017-12-01T01:25:01.984Z"}
{"level":"info","message":"Request from ::1","timestamp":"2017-12-01T01:25:08.271Z"}
{"level":"info","message":"Request from ::1","timestamp":"2017-12-01T01:25:08.292Z"}
{"level":"info","message":"Request from ::1","timestamp":"2017-12-01T01:26:13.201Z"}
{"level":"info","message":"Request from ::1","timestamp":"2017-12-01T01:26:13.252Z"}
{"level":"info","message":"Request from ::1","timestamp":"2017-12-01T01:26:13.275Z"}
{"level":"info","message":"Mongoose connected to the database","timestamp":"2017-12-01T01:26:24.371Z"}
{"level":"info","message":"Mongoose connected to the database","timestamp":"2017-12-01T01:30:18.466Z"}
{"level":"info","message":"Request from ::1","timestamp":"2017-12-01T01:36:36.534Z"}
{"level":"info","message":"Request from ::1","timestamp":"2017-12-01T01:36:37.115Z"}
{"level":"info","message":"Request from ::1","timestamp":"2017-12-01T01:36:43.886Z"}
{"level":"info","message":"Request from ::1","timestamp":"2017-12-01T01:36:51.946Z"}
{"level":"info","message":"Request from ::1","timestamp":"2017-12-01T01:36:52.073Z"}
{"level":"info","message":"Request from ::1","timestamp":"2017-12-01T01:36:52.231Z"}
{"level":"info","message":"Mongoose connected to the database","timestamp":"2017-12-01T01:36:56.072Z"}
{"level":"info","message":"Request from ::1","timestamp":"2017-12-01T01:37:44.993Z"}
{"level":"info","message":"Request from ::1","timestamp":"2017-12-01T01:39:29.016Z"}
{"level":"info","message":"Request from ::1","timestamp":"2017-12-01T01:39:29.392Z"}
{"level":"info","message":"Request from ::1","timestamp":"2017-12-01T01:39:29.531Z"}
{"level":"info","message":"Request from ::1","timestamp":"2017-12-01T01:39:52.119Z"}
{"level":"info","message":"Request from ::1","timestamp":"2017-12-01T01:39:52.328Z"}
{"level":"info","message":"Request from ::1","timestamp":"2017-12-01T01:40:20.636Z"}
{"level":"info","message":"Request from ::1","timestamp":"2017-12-01T01:40:20.951Z"}
{"level":"info","message":"Request from ::1","timestamp":"2017-12-01T01:40:20.980Z"}
{"level":"info","message":"Request from ::1","timestamp":"2017-12-01T01:40:32.173Z"}
{"level":"info","message":"Request from ::1","timestamp":"2017-12-01T01:40:32.333Z"}
{"level":"info","message":"Request from ::1","timestamp":"2017-12-01T01:40:58.998Z"}
{"level":"info","message":"Request from ::1","timestamp":"2017-12-01T01:40:59.216Z"}
{"level":"info","message":"Request from ::1","timestamp":"2017-12-01T01:41:20.565Z"}
{"level":"info","message":"Request from ::1","timestamp":"2017-12-01T01:41:34.001Z"}
{"level":"info","message":"Request from ::1","timestamp":"2017-12-01T01:41:42.346Z"}
{"level":"info","message":"Request from ::1","timestamp":"2017-12-01T01:41:42.427Z"}
{"level":"info","message":"Request from ::1","timestamp":"2017-12-01T01:41:42.767Z"}
{"level":"info","message":"Request from ::1","timestamp":"2017-12-01T01:42:24.168Z"}
{"level":"info","message":"Request from ::1","timestamp":"2017-12-01T01:42:30.344Z"}
{"level":"info","message":"Request from ::1","timestamp":"2017-12-01T01:42:35.187Z"}
{"level":"info","message":"Request from ::1","timestamp":"2017-12-01T01:43:08.070Z"}
{"level":"info","message":"Request from ::1","timestamp":"2017-12-01T01:43:11.567Z"}
{"level":"info","message":"Request from ::1","timestamp":"2017-12-01T01:43:40.684Z"}
{"level":"info","message":"Request from ::1","timestamp":"2017-12-01T01:43:40.897Z"}
{"level":"info","message":"Request from ::1","timestamp":"2017-12-01T01:43:41.052Z"}
{"level":"info","message":"Mongoose connected to the database","timestamp":"2017-12-01T01:43:45.253Z"}
{"level":"info","message":"Mongoose connected to the database","timestamp":"2017-12-01T01:47:41.816Z"}
{"level":"info","message":"Request from ::1","timestamp":"2017-12-01T01:48:06.283Z"}
{"level":"info","message":"Request from ::1","timestamp":"2017-12-01T01:48:13.222Z"}
{"level":"info","message":"Request from ::1","timestamp":"2017-12-01T01:48:13.384Z"}
{"level":"info","message":"Request from ::1","timestamp":"2017-12-01T01:48:13.551Z"}
{"level":"info","message":"Mongoose connected to the database","timestamp":"2017-12-01T01:48:17.919Z"}
{"level":"info","message":"Mongoose connected to the database","timestamp":"2017-12-01T01:51:27.278Z"}
{"level":"info","message":"Request from ::1","timestamp":"2017-12-01T01:51:42.421Z"}
{"level":"info","message":"Request from ::1","timestamp":"2017-12-01T01:51:49.023Z"}
{"level":"info","message":"Request from ::1","timestamp":"2017-12-01T01:51:52.392Z"}
{"level":"info","message":"Request from ::1","timestamp":"2017-12-01T01:51:59.081Z"}
{"level":"info","message":"Request from ::1","timestamp":"2017-12-01T01:51:59.297Z"}
{"level":"info","message":"Request from ::1","timestamp":"2017-12-01T01:51:59.320Z"}
{"level":"info","message":"Request from ::1","timestamp":"2017-12-01T01:52:39.978Z"}
{"level":"info","message":"Request from ::1","timestamp":"2017-12-01T01:53:02.979Z"}
{"level":"info","message":"Request from ::1","timestamp":"2017-12-01T01:53:06.015Z"}
{"level":"info","message":"Request from ::1","timestamp":"2017-12-01T01:53:17.632Z"}
{"level":"info","message":"Request from ::1","timestamp":"2017-12-01T01:53:17.769Z"}
{"level":"info","message":"Request from ::1","timestamp":"2017-12-01T01:53:17.981Z"}
{"level":"info","message":"Mongoose connected to the database","timestamp":"2017-12-01T01:53:22.282Z"}
{"level":"info","message":"Mongoose connected to the database","timestamp":"2017-12-01T01:54:26.258Z"}
{"level":"info","message":"Request from ::1","timestamp":"2017-12-01T01:54:46.295Z"}
{"level":"info","message":"Request from ::1","timestamp":"2017-12-01T01:54:51.676Z"}
{"level":"info","message":"Request from ::1","timestamp":"2017-12-01T01:54:52.032Z"}
{"level":"info","message":"Request from ::1","timestamp":"2017-12-01T01:54:52.228Z"}
{"level":"info","message":"Mongoose connected to the database","timestamp":"2017-12-01T01:54:56.522Z"}
{"level":"info","message":"Mongoose connected to the database","timestamp":"2017-12-01T01:55:29.320Z"}
{"level":"info","message":"Mongoose connected to the database","timestamp":"2017-12-01T02:00:09.353Z"}
{"level":"info","message":"Request from ::1","timestamp":"2017-12-01T02:00:24.118Z"}
{"level":"info","message":"Request from ::1","timestamp":"2017-12-01T02:00:24.642Z"}
{"level":"info","message":"Request from ::1","timestamp":"2017-12-01T02:00:24.961Z"}
{"level":"info","message":"Request from ::1","timestamp":"2017-12-01T02:00:27.582Z"}
{"level":"info","message":"Request from ::1","timestamp":"2017-12-01T02:00:36.621Z"}
{"level":"info","message":"Request from ::1","timestamp":"2017-12-01T02:00:36.847Z"}
{"level":"info","message":"Request from ::1","timestamp":"2017-12-01T02:00:36.911Z"}
{"level":"error","message":"ReferenceError: sessionStorage is not defined\n    at C:\\Users\\Rafa\\MyPics\\server\\app\\controllers\\images.js:118:33\n    at Layer.handle [as handle_request] (C:\\Users\\Rafa\\MyPics\\server\\node_modules\\express\\lib\\router\\layer.js:95:5)\n    at next (C:\\Users\\Rafa\\MyPics\\server\\node_modules\\express\\lib\\router\\route.js:137:13)\n    at Immediate.<anonymous> (C:\\Users\\Rafa\\MyPics\\server\\node_modules\\multer\\lib\\make-middleware.js:53:37)\n    at runCallback (timers.js:676:20)\n    at tryOnImmediate (timers.js:645:5)\n    at processImmediate [as _immediateCallback] (timers.js:617:5)","timestamp":"2017-12-01T02:00:37.138Z"}
{"level":"info","message":"Mongoose connected to the database","timestamp":"2017-12-01T02:00:43.609Z"}
{"level":"info","message":"Mongoose connected to the database","timestamp":"2017-12-01T02:01:48.699Z"}
{"level":"info","message":"Request from ::1","timestamp":"2017-12-01T02:04:42.463Z"}
{"level":"info","message":"Request from ::1","timestamp":"2017-12-01T02:09:36.250Z"}
{"level":"info","message":"Request from ::1","timestamp":"2017-12-01T02:09:58.505Z"}
{"level":"info","message":"Request from ::1","timestamp":"2017-12-01T02:09:59.708Z"}
{"level":"info","message":"Request from ::1","timestamp":"2017-12-01T02:10:12.352Z"}
{"level":"info","message":"Request from ::1","timestamp":"2017-12-01T02:10:16.288Z"}
{"level":"info","message":"Request from ::1","timestamp":"2017-12-01T02:10:30.734Z"}
{"level":"info","message":"Request from ::1","timestamp":"2017-12-01T02:10:30.863Z"}
{"level":"info","message":"Request from ::1","timestamp":"2017-12-01T02:10:31.267Z"}
{"level":"info","message":"Request from ::1","timestamp":"2017-12-01T02:12:30.235Z"}
{"level":"info","message":"Request from ::1","timestamp":"2017-12-01T02:12:35.333Z"}
{"level":"info","message":"Request from ::1","timestamp":"2017-12-01T02:12:55.118Z"}
{"level":"info","message":"Request from ::1","timestamp":"2017-12-01T02:13:45.830Z"}
{"level":"info","message":"Request from ::1","timestamp":"2017-12-01T02:14:05.207Z"}
{"level":"info","message":"Request from ::1","timestamp":"2017-12-01T02:14:05.239Z"}
{"level":"info","message":"Request from ::1","timestamp":"2017-12-01T02:14:05.526Z"}
{"level":"info","message":"Request from ::1","timestamp":"2017-12-01T02:15:39.311Z"}
{"level":"info","message":"Request from ::1","timestamp":"2017-12-01T02:20:04.231Z"}
{"level":"info","message":"Request from ::1","timestamp":"2017-12-01T02:46:09.515Z"}
{"level":"info","message":"Request from ::1","timestamp":"2017-12-01T02:46:09.572Z"}
{"level":"info","message":"Request from ::1","timestamp":"2017-12-01T02:46:09.600Z"}
{"level":"info","message":"Request from ::1","timestamp":"2017-12-01T02:58:59.215Z"}
{"level":"info","message":"Mongoose connected to the database","timestamp":"2017-12-01T03:03:27.452Z"}
{"level":"info","message":"Request from ::1","timestamp":"2017-12-01T03:03:37.044Z"}
{"level":"info","message":"Request from ::1","timestamp":"2017-12-01T03:03:37.277Z"}
{"level":"info","message":"Request from ::1","timestamp":"2017-12-01T03:03:37.586Z"}
{"level":"info","message":"Request from ::1","timestamp":"2017-12-01T03:03:40.742Z"}
{"level":"info","message":"Request from ::1","timestamp":"2017-12-01T03:03:55.920Z"}
{"level":"info","message":"Request from ::1","timestamp":"2017-12-01T03:03:56.747Z"}
{"level":"info","message":"Request from ::1","timestamp":"2017-12-01T03:04:01.474Z"}
{"level":"info","message":"Request from ::1","timestamp":"2017-12-01T03:04:08.748Z"}
{"level":"info","message":"Request from ::1","timestamp":"2017-12-01T03:04:08.808Z"}
{"level":"info","message":"Request from ::1","timestamp":"2017-12-01T03:04:09.260Z"}
{"level":"verbose","message":"Upload file for todo 5a20b31042ea2f3c3c4ba52d and 5a20c6a821497c2af4fd7a65","timestamp":"2017-12-01T03:04:09.337Z"}
{"level":"info","message":"Request from ::1","timestamp":"2017-12-01T03:05:15.133Z"}
{"level":"info","message":"Request from ::1","timestamp":"2017-12-01T03:05:23.541Z"}
{"level":"info","message":"Request from ::1","timestamp":"2017-12-01T03:07:15.918Z"}
{"level":"info","message":"Request from ::1","timestamp":"2017-12-01T03:07:15.978Z"}
{"level":"info","message":"Request from ::1","timestamp":"2017-12-01T03:07:16.047Z"}
{"level":"verbose","message":"Upload file for todo 5a20b31042ea2f3c3c4ba52d and 5a20c6a821497c2af4fd7a65","timestamp":"2017-12-01T03:07:16.974Z"}
{"level":"info","message":"Request from ::1","timestamp":"2017-12-01T03:07:20.959Z"}
{"level":"info","message":"Request from ::1","timestamp":"2017-12-01T03:07:41.320Z"}
{"level":"info","message":"Request from ::1","timestamp":"2017-12-01T03:08:01.954Z"}
{"level":"info","message":"Request from ::1","timestamp":"2017-12-01T03:08:01.986Z"}
{"level":"info","message":"Request from ::1","timestamp":"2017-12-01T03:08:02.033Z"}
{"level":"verbose","message":"Upload file for todo 5a20b31042ea2f3c3c4ba52d and 5a20c79121497c2af4fd7a66","timestamp":"2017-12-01T03:08:02.163Z"}
{"level":"info","message":"Request from ::1","timestamp":"2017-12-01T03:08:07.770Z"}
{"level":"info","message":"Request from ::1","timestamp":"2017-12-01T03:09:30.547Z"}
{"level":"info","message":"Request from ::1","timestamp":"2017-12-01T03:09:32.120Z"}
{"level":"info","message":"Request from ::1","timestamp":"2017-12-01T03:10:18.887Z"}
{"level":"info","message":"Request from ::1","timestamp":"2017-12-01T03:10:19.108Z"}
{"level":"info","message":"Request from ::1","timestamp":"2017-12-01T03:11:10.151Z"}
{"level":"info","message":"Request from ::1","timestamp":"2017-12-01T03:11:10.317Z"}
{"level":"info","message":"Request from ::1","timestamp":"2017-12-01T03:11:12.001Z"}
{"level":"info","message":"Request from ::1","timestamp":"2017-12-01T03:11:33.813Z"}
{"level":"info","message":"Request from ::1","timestamp":"2017-12-01T03:11:33.942Z"}
{"level":"info","message":"Request from ::1","timestamp":"2017-12-01T03:11:42.424Z"}
{"level":"info","message":"Request from ::1","timestamp":"2017-12-01T03:11:42.457Z"}
{"level":"info","message":"Request from ::1","timestamp":"2017-12-01T03:11:42.460Z"}
{"level":"info","message":"Request from ::1","timestamp":"2017-12-01T03:11:42.503Z"}
{"level":"verbose","message":"Upload file for todo 5a20b31042ea2f3c3c4ba52d and 5a20c86e21497c2af4fd7a67","timestamp":"2017-12-01T03:11:42.536Z"}
{"level":"info","message":"Request from ::1","timestamp":"2017-12-01T03:12:02.276Z"}
{"level":"info","message":"Request from ::1","timestamp":"2017-12-01T03:12:02.416Z"}
{"level":"info","message":"Request from ::1","timestamp":"2017-12-01T03:12:02.420Z"}
{"level":"info","message":"Request from ::1","timestamp":"2017-12-01T03:12:12.698Z"}
{"level":"info","message":"Request from ::1","timestamp":"2017-12-01T03:12:12.741Z"}
{"level":"info","message":"Request from ::1","timestamp":"2017-12-01T03:12:12.756Z"}
{"level":"info","message":"Request from ::1","timestamp":"2017-12-01T03:12:12.809Z"}
{"level":"verbose","message":"Upload file for todo 5a20b31042ea2f3c3c4ba52d and 5a20c88c21497c2af4fd7a68","timestamp":"2017-12-01T03:12:12.954Z"}
{"level":"info","message":"Request from ::1","timestamp":"2017-12-01T03:12:28.062Z"}
{"level":"info","message":"Request from ::1","timestamp":"2017-12-01T03:12:37.337Z"}
{"level":"info","message":"Request from ::1","timestamp":"2017-12-01T03:12:37.549Z"}
{"level":"info","message":"Request from ::1","timestamp":"2017-12-01T03:12:37.573Z"}
{"level":"info","message":"Request from ::1","timestamp":"2017-12-01T03:12:37.576Z"}
{"level":"info","message":"Request from ::1","timestamp":"2017-12-01T03:12:38.343Z"}
{"level":"info","message":"Request from ::1","timestamp":"2017-12-01T03:12:38.901Z"}
{"level":"info","message":"Request from ::1","timestamp":"2017-12-01T03:12:52.262Z"}
{"level":"info","message":"Request from ::1","timestamp":"2017-12-01T03:12:52.295Z"}
{"level":"info","message":"Request from ::1","timestamp":"2017-12-01T03:12:52.338Z"}
{"level":"verbose","message":"Upload file for todo 5a20b31042ea2f3c3c4ba52d and 5a20c79121497c2af4fd7a66","timestamp":"2017-12-01T03:12:52.493Z"}
{"level":"info","message":"Request from ::1","timestamp":"2017-12-01T03:12:57.310Z"}
{"level":"info","message":"Request from ::1","timestamp":"2017-12-01T03:12:57.450Z"}
{"level":"info","message":"Request from ::1","timestamp":"2017-12-01T03:12:57.452Z"}
{"level":"info","message":"Request from ::1","timestamp":"2017-12-01T03:12:57.455Z"}
{"level":"info","message":"Request from ::1","timestamp":"2017-12-01T03:12:58.032Z"}
{"level":"info","message":"Request from ::1","timestamp":"2017-12-01T03:12:58.190Z"}
{"level":"info","message":"Request from ::1","timestamp":"2017-12-01T03:13:09.148Z"}
{"level":"info","message":"Request from ::1","timestamp":"2017-12-01T03:13:11.074Z"}
{"level":"info","message":"Request from ::1","timestamp":"2017-12-01T03:13:13.626Z"}
{"level":"info","message":"Request from ::1","timestamp":"2017-12-01T03:13:13.784Z"}
{"level":"info","message":"Request from ::1","timestamp":"2017-12-01T03:13:14.233Z"}
{"level":"info","message":"Request from ::1","timestamp":"2017-12-01T03:13:23.211Z"}
{"level":"info","message":"Request from ::1","timestamp":"2017-12-01T03:13:23.449Z"}
{"level":"info","message":"Request from ::1","timestamp":"2017-12-01T03:13:23.517Z"}
{"level":"info","message":"Request from ::1","timestamp":"2017-12-01T03:13:25.912Z"}
{"level":"info","message":"Request from ::1","timestamp":"2017-12-01T03:24:19.631Z"}
{"level":"info","message":"Request from ::1","timestamp":"2017-12-01T03:24:20.266Z"}
{"level":"info","message":"Request from ::1","timestamp":"2017-12-01T03:24:20.741Z"}
{"level":"info","message":"Request from ::1","timestamp":"2017-12-01T03:24:33.024Z"}
{"level":"info","message":"Request from ::1","timestamp":"2017-12-01T03:24:33.127Z"}
{"level":"info","message":"Request from ::1","timestamp":"2017-12-01T03:24:33.243Z"}
{"level":"info","message":"Request from ::1","timestamp":"2017-12-01T03:24:33.279Z"}
{"level":"verbose","message":"Upload file for todo 5a20b31042ea2f3c3c4ba52d and 5a20cb7121497c2af4fd7a69","timestamp":"2017-12-01T03:24:33.555Z"}
{"level":"info","message":"Request from ::1","timestamp":"2017-12-01T03:24:37.873Z"}
{"level":"info","message":"Request from ::1","timestamp":"2017-12-01T03:24:38.058Z"}
{"level":"info","message":"Request from ::1","timestamp":"2017-12-01T03:24:38.061Z"}
{"level":"info","message":"Request from ::1","timestamp":"2017-12-01T03:24:38.520Z"}
{"level":"info","message":"Request from ::1","timestamp":"2017-12-01T03:25:56.541Z"}
{"level":"info","message":"Request from ::1","timestamp":"2017-12-01T03:25:56.731Z"}
{"level":"info","message":"Request from ::1","timestamp":"2017-12-01T03:25:56.737Z"}
{"level":"info","message":"Request from ::1","timestamp":"2017-12-01T03:25:57.422Z"}
{"level":"info","message":"Request from ::1","timestamp":"2017-12-01T03:26:21.278Z"}
{"level":"info","message":"Request from ::1","timestamp":"2017-12-01T03:26:33.880Z"}
{"level":"info","message":"Request from ::1","timestamp":"2017-12-01T03:26:33.932Z"}
{"level":"info","message":"Request from ::1","timestamp":"2017-12-01T03:26:57.444Z"}
{"level":"info","message":"Request from ::1","timestamp":"2017-12-01T03:27:24.554Z"}
{"level":"info","message":"Request from ::1","timestamp":"2017-12-01T03:27:32.496Z"}
{"level":"info","message":"Request from ::1","timestamp":"2017-12-01T03:27:43.015Z"}
{"level":"info","message":"Request from ::1","timestamp":"2017-12-01T03:28:11.480Z"}
{"level":"info","message":"Request from ::1","timestamp":"2017-12-01T03:28:29.045Z"}
{"level":"info","message":"Request from ::1","timestamp":"2017-12-01T03:28:56.250Z"}
{"level":"info","message":"Request from ::1","timestamp":"2017-12-01T03:28:56.585Z"}
{"level":"error","message":"ValidationError: password: Path `password` is required., email: Path `email` is required., lastName: Path `lastName` is required., firstName: Path `firstName` is required.\n    at ValidationError (C:\\Users\\Rafa\\MyPics\\server\\node_modules\\mongoose\\lib\\error\\validation.js:28:11)\n    at model.Document.invalidate (C:\\Users\\Rafa\\MyPics\\server\\node_modules\\mongoose\\lib\\document.js:1636:32)\n    at C:\\Users\\Rafa\\MyPics\\server\\node_modules\\mongoose\\lib\\document.js:1508:17\n    at validate (C:\\Users\\Rafa\\MyPics\\server\\node_modules\\mongoose\\lib\\schematype.js:760:7)\n    at C:\\Users\\Rafa\\MyPics\\server\\node_modules\\mongoose\\lib\\schematype.js:805:11\n    at Array.forEach (native)\n    at SchemaString.SchemaType.doValidate (C:\\Users\\Rafa\\MyPics\\server\\node_modules\\mongoose\\lib\\schematype.js:765:19)\n    at C:\\Users\\Rafa\\MyPics\\server\\node_modules\\mongoose\\lib\\document.js:1506:9\n    at _combinedTickCallback (internal/process/next_tick.js:73:7)\n    at process._tickCallback (internal/process/next_tick.js:104:9)\nFrom previous event:\n    at model.wrappedPointCut [as save] (C:\\Users\\Rafa\\MyPics\\server\\node_modules\\mongoose\\lib\\services\\model\\applyHooks.js:131:23)\n    at C:\\Users\\Rafa\\MyPics\\server\\app\\controllers\\users.js:47:17\n    at Layer.handle [as handle_request] (C:\\Users\\Rafa\\MyPics\\server\\node_modules\\express\\lib\\router\\layer.js:95:5)\n    at next (C:\\Users\\Rafa\\MyPics\\server\\node_modules\\express\\lib\\router\\route.js:137:13)\n    at Route.dispatch (C:\\Users\\Rafa\\MyPics\\server\\node_modules\\express\\lib\\router\\route.js:112:3)\n    at Layer.handle [as handle_request] (C:\\Users\\Rafa\\MyPics\\server\\node_modules\\express\\lib\\router\\layer.js:95:5)\n    at C:\\Users\\Rafa\\MyPics\\server\\node_modules\\express\\lib\\router\\index.js:281:22\n    at Function.process_params (C:\\Users\\Rafa\\MyPics\\server\\node_modules\\express\\lib\\router\\index.js:335:12)\n    at next (C:\\Users\\Rafa\\MyPics\\server\\node_modules\\express\\lib\\router\\index.js:275:10)\n    at Function.handle (C:\\Users\\Rafa\\MyPics\\server\\node_modules\\express\\lib\\router\\index.js:174:3)\n    at router (C:\\Users\\Rafa\\MyPics\\server\\node_modules\\express\\lib\\router\\index.js:47:12)\n    at Layer.handle [as handle_request] (C:\\Users\\Rafa\\MyPics\\server\\node_modules\\express\\lib\\router\\layer.js:95:5)\n    at trim_prefix (C:\\Users\\Rafa\\MyPics\\server\\node_modules\\express\\lib\\router\\index.js:317:13)\n    at C:\\Users\\Rafa\\MyPics\\server\\node_modules\\express\\lib\\router\\index.js:284:7\n    at Function.process_params (C:\\Users\\Rafa\\MyPics\\server\\node_modules\\express\\lib\\router\\index.js:335:12)\n    at next (C:\\Users\\Rafa\\MyPics\\server\\node_modules\\express\\lib\\router\\index.js:275:10)\n    at C:\\Users\\Rafa\\MyPics\\server\\node_modules\\express\\lib\\router\\index.js:635:15\n    at next (C:\\Users\\Rafa\\MyPics\\server\\node_modules\\express\\lib\\router\\index.js:260:14)\n    at Function.handle (C:\\Users\\Rafa\\MyPics\\server\\node_modules\\express\\lib\\router\\index.js:174:3)","timestamp":"2017-12-01T03:28:56.689Z"}
{"level":"info","message":"Request from ::1","timestamp":"2017-12-01T03:29:04.324Z"}
{"level":"info","message":"Request from ::1","timestamp":"2017-12-01T03:29:04.564Z"}
{"level":"info","message":"Request from ::1","timestamp":"2017-12-01T03:29:04.614Z"}
{"level":"info","message":"Request from ::1","timestamp":"2017-12-01T03:30:14.418Z"}
{"level":"info","message":"Request from ::1","timestamp":"2017-12-01T03:30:29.548Z"}
{"level":"info","message":"Request from ::1","timestamp":"2017-12-01T03:31:23.082Z"}
{"level":"info","message":"Request from ::1","timestamp":"2017-12-01T03:31:37.923Z"}
{"level":"info","message":"Request from ::1","timestamp":"2017-12-01T03:31:37.972Z"}
{"level":"info","message":"Request from ::1","timestamp":"2017-12-01T03:32:45.250Z"}
{"level":"info","message":"Request from ::1","timestamp":"2017-12-01T03:32:48.799Z"}
{"level":"info","message":"Request from ::1","timestamp":"2017-12-01T03:33:00.695Z"}
{"level":"info","message":"Request from ::1","timestamp":"2017-12-01T03:33:00.735Z"}
{"level":"info","message":"Request from ::1","timestamp":"2017-12-01T03:33:03.548Z"}
{"level":"info","message":"Request from ::1","timestamp":"2017-12-01T03:33:14.143Z"}
{"level":"info","message":"Request from ::1","timestamp":"2017-12-01T03:33:14.161Z"}
{"level":"info","message":"Request from ::1","timestamp":"2017-12-01T03:33:14.166Z"}
{"level":"info","message":"Request from ::1","timestamp":"2017-12-01T03:33:14.194Z"}
{"level":"verbose","message":"Upload file for todo 5a20cd6c21497c2af4fd7a6e and 5a20cd7a21497c2af4fd7a6f","timestamp":"2017-12-01T03:33:14.471Z"}
{"level":"info","message":"Request from ::1","timestamp":"2017-12-01T03:33:18.412Z"}
{"level":"info","message":"Request from ::1","timestamp":"2017-12-01T03:33:18.520Z"}
{"level":"info","message":"Request from ::1","timestamp":"2017-12-01T03:33:37.745Z"}
{"level":"info","message":"Request from ::1","timestamp":"2017-12-01T03:33:37.770Z"}
{"level":"info","message":"Request from ::1","timestamp":"2017-12-01T03:33:37.804Z"}
{"level":"info","message":"Request from ::1","timestamp":"2017-12-01T03:33:37.807Z"}
{"level":"verbose","message":"Upload file for todo 5a20cd6c21497c2af4fd7a6e and 5a20cd9121497c2af4fd7a70","timestamp":"2017-12-01T03:33:37.812Z"}
{"level":"info","message":"Request from ::1","timestamp":"2017-12-01T03:33:41.613Z"}
{"level":"info","message":"Request from ::1","timestamp":"2017-12-01T03:33:41.714Z"}
{"level":"info","message":"Request from ::1","timestamp":"2017-12-01T03:33:41.716Z"}
{"level":"info","message":"Request from ::1","timestamp":"2017-12-01T03:33:45.276Z"}
{"level":"info","message":"Request from ::1","timestamp":"2017-12-01T03:34:14.907Z"}
{"level":"info","message":"Request from ::1","timestamp":"2017-12-01T03:34:15.075Z"}
{"level":"info","message":"Request from ::1","timestamp":"2017-12-01T03:34:15.082Z"}
{"level":"info","message":"Request from ::1","timestamp":"2017-12-01T19:34:25.697Z"}
{"level":"info","message":"Request from ::1","timestamp":"2017-12-01T19:34:42.639Z"}
{"level":"info","message":"Request from ::1","timestamp":"2017-12-01T19:34:43.314Z"}
{"level":"info","message":"Request from ::1","timestamp":"2017-12-01T19:34:51.067Z"}
{"level":"info","message":"Request from ::1","timestamp":"2017-12-01T19:34:51.092Z"}
{"level":"info","message":"Mongoose connected to the database","timestamp":"2017-12-01T20:03:28.857Z"}
