{"level":"info","message":"Mongoose connected to the database","timestamp":"2017-12-16T14:48:46.074Z"}
{"level":"info","message":"Request from ::1","timestamp":"2017-12-16T14:48:53.253Z"}
{"level":"info","message":"Mongoose connected to the database","timestamp":"2017-12-16T14:57:16.435Z"}
{"level":"info","message":"Request from ::1","timestamp":"2017-12-16T15:02:56.916Z"}
{"level":"info","message":"Request from ::1","timestamp":"2017-12-16T15:03:06.960Z"}
{"level":"info","message":"Request from ::1","timestamp":"2017-12-16T15:03:07.145Z"}
{"level":"info","message":"Request from ::1","timestamp":"2017-12-16T15:08:18.563Z"}
{"level":"error","message":"ValidationError: password: Path `password` is required., email: Path `email` is required., lastName: Path `lastName` is required., firstName: Path `firstName` is required.\n    at MongooseError.ValidationError (C:\\Users\\Mandes J. Stoner\\Desktop\\ITM School\\810\\New folder\\MyPics\\server\\node_modules\\mongoose\\lib\\error\\validation.js:28:11)\n    at model.Document.invalidate (C:\\Users\\Mandes J. Stoner\\Desktop\\ITM School\\810\\New folder\\MyPics\\server\\node_modules\\mongoose\\lib\\document.js:1636:32)\n    at C:\\Users\\Mandes J. Stoner\\Desktop\\ITM School\\810\\New folder\\MyPics\\server\\node_modules\\mongoose\\lib\\document.js:1508:17\n    at validate (C:\\Users\\Mandes J. Stoner\\Desktop\\ITM School\\810\\New folder\\MyPics\\server\\node_modules\\mongoose\\lib\\schematype.js:760:7)\n    at C:\\Users\\Mandes J. Stoner\\Desktop\\ITM School\\810\\New folder\\MyPics\\server\\node_modules\\mongoose\\lib\\schematype.js:805:11\n    at Array.forEach (native)\n    at SchemaString.SchemaType.doValidate (C:\\Users\\Mandes J. Stoner\\Desktop\\ITM School\\810\\New folder\\MyPics\\server\\node_modules\\mongoose\\lib\\schematype.js:765:19)\n    at C:\\Users\\Mandes J. Stoner\\Desktop\\ITM School\\810\\New folder\\MyPics\\server\\node_modules\\mongoose\\lib\\document.js:1506:9\n    at _combinedTickCallback (internal/process/next_tick.js:73:7)\n    at process._tickCallback (internal/process/next_tick.js:104:9)\nFrom previous event:\n    at model.wrappedPointCut [as save] (C:\\Users\\Mandes J. Stoner\\Desktop\\ITM School\\810\\New folder\\MyPics\\server\\node_modules\\mongoose\\lib\\services\\model\\applyHooks.js:131:23)\n    at C:\\Users\\Mandes J. Stoner\\Desktop\\ITM School\\810\\New folder\\MyPics\\server\\app\\controllers\\users.js:47:17\n    at Layer.handle [as handle_request] (C:\\Users\\Mandes J. Stoner\\Desktop\\ITM School\\810\\New folder\\MyPics\\server\\node_modules\\express\\lib\\router\\layer.js:95:5)\n    at next (C:\\Users\\Mandes J. Stoner\\Desktop\\ITM School\\810\\New folder\\MyPics\\server\\node_modules\\express\\lib\\router\\route.js:137:13)\n    at Route.dispatch (C:\\Users\\Mandes J. Stoner\\Desktop\\ITM School\\810\\New folder\\MyPics\\server\\node_modules\\express\\lib\\router\\route.js:112:3)\n    at Layer.handle [as handle_request] (C:\\Users\\Mandes J. Stoner\\Desktop\\ITM School\\810\\New folder\\MyPics\\server\\node_modules\\express\\lib\\router\\layer.js:95:5)\n    at C:\\Users\\Mandes J. Stoner\\Desktop\\ITM School\\810\\New folder\\MyPics\\server\\node_modules\\express\\lib\\router\\index.js:281:22\n    at Function.process_params (C:\\Users\\Mandes J. Stoner\\Desktop\\ITM School\\810\\New folder\\MyPics\\server\\node_modules\\express\\lib\\router\\index.js:335:12)\n    at next (C:\\Users\\Mandes J. Stoner\\Desktop\\ITM School\\810\\New folder\\MyPics\\server\\node_modules\\express\\lib\\router\\index.js:275:10)\n    at Function.handle (C:\\Users\\Mandes J. Stoner\\Desktop\\ITM School\\810\\New folder\\MyPics\\server\\node_modules\\express\\lib\\router\\index.js:174:3)\n    at router (C:\\Users\\Mandes J. Stoner\\Desktop\\ITM School\\810\\New folder\\MyPics\\server\\node_modules\\express\\lib\\router\\index.js:47:12)\n    at Layer.handle [as handle_request] (C:\\Users\\Mandes J. Stoner\\Desktop\\ITM School\\810\\New folder\\MyPics\\server\\node_modules\\express\\lib\\router\\layer.js:95:5)\n    at trim_prefix (C:\\Users\\Mandes J. Stoner\\Desktop\\ITM School\\810\\New folder\\MyPics\\server\\node_modules\\express\\lib\\router\\index.js:317:13)\n    at C:\\Users\\Mandes J. Stoner\\Desktop\\ITM School\\810\\New folder\\MyPics\\server\\node_modules\\express\\lib\\router\\index.js:284:7\n    at Function.process_params (C:\\Users\\Mandes J. Stoner\\Desktop\\ITM School\\810\\New folder\\MyPics\\server\\node_modules\\express\\lib\\router\\index.js:335:12)\n    at next (C:\\Users\\Mandes J. Stoner\\Desktop\\ITM School\\810\\New folder\\MyPics\\server\\node_modules\\express\\lib\\router\\index.js:275:10)\n    at C:\\Users\\Mandes J. Stoner\\Desktop\\ITM School\\810\\New folder\\MyPics\\server\\node_modules\\express\\lib\\router\\index.js:635:15\n    at next (C:\\Users\\Mandes J. Stoner\\Desktop\\ITM School\\810\\New folder\\MyPics\\server\\node_modules\\express\\lib\\router\\index.js:260:14)\n    at Function.handle (C:\\Users\\Mandes J. Stoner\\Desktop\\ITM School\\810\\New folder\\MyPics\\server\\node_modules\\express\\lib\\router\\index.js:174:3)","timestamp":"2017-12-16T15:08:18.580Z"}
{"level":"info","message":"Request from ::1","timestamp":"2017-12-16T15:09:31.815Z"}
{"level":"info","message":"Request from ::1","timestamp":"2017-12-16T15:09:34.058Z"}
{"level":"info","message":"Request from ::1","timestamp":"2017-12-16T15:10:12.981Z"}
{"level":"info","message":"Request from ::1","timestamp":"2017-12-16T15:10:20.562Z"}
{"level":"info","message":"Request from ::1","timestamp":"2017-12-16T15:10:20.699Z"}
{"level":"info","message":"Request from ::1","timestamp":"2017-12-16T15:10:57.310Z"}
{"level":"info","message":"Request from ::1","timestamp":"2017-12-16T15:11:18.234Z"}
{"level":"info","message":"Request from ::1","timestamp":"2017-12-16T15:11:45.377Z"}
{"level":"info","message":"Request from ::1","timestamp":"2017-12-16T15:12:29.787Z"}
{"level":"info","message":"Request from ::1","timestamp":"2017-12-16T15:12:45.919Z"}
{"level":"info","message":"Request from ::1","timestamp":"2017-12-16T15:13:18.330Z"}
{"level":"info","message":"Request from ::1","timestamp":"2017-12-16T15:14:01.317Z"}
{"level":"info","message":"Request from ::1","timestamp":"2017-12-16T15:14:55.989Z"}
{"level":"info","message":"Request from ::1","timestamp":"2017-12-16T15:15:16.692Z"}
{"level":"info","message":"Request from ::1","timestamp":"2017-12-16T15:17:13.333Z"}
{"level":"info","message":"Request from ::1","timestamp":"2017-12-16T15:17:28.735Z"}
{"level":"info","message":"Request from ::1","timestamp":"2017-12-16T15:17:50.545Z"}
{"level":"info","message":"Request from ::1","timestamp":"2017-12-16T15:18:51.643Z"}
{"level":"info","message":"Request from ::1","timestamp":"2017-12-16T15:19:23.531Z"}
{"level":"info","message":"Request from ::1","timestamp":"2017-12-16T15:19:47.798Z"}
{"level":"info","message":"Request from ::1","timestamp":"2017-12-16T15:19:47.932Z"}
{"level":"info","message":"Request from ::1","timestamp":"2017-12-16T15:21:47.444Z"}
{"level":"info","message":"Request from ::1","timestamp":"2017-12-16T15:22:01.792Z"}
{"level":"error","message":"","timestamp":"2017-12-16T15:22:01.899Z"}
{"level":"info","message":"Request from ::1","timestamp":"2017-12-16T15:22:07.062Z"}
{"level":"info","message":"Request from ::1","timestamp":"2017-12-16T15:22:07.195Z"}
{"level":"info","message":"Request from ::1","timestamp":"2017-12-16T15:23:44.160Z"}
{"level":"info","message":"Request from ::1","timestamp":"2017-12-16T15:26:22.506Z"}
{"level":"info","message":"Request from ::1","timestamp":"2017-12-16T15:26:52.564Z"}
{"level":"info","message":"Request from ::1","timestamp":"2017-12-16T15:27:42.129Z"}
{"level":"info","message":"Request from ::1","timestamp":"2017-12-16T15:27:57.952Z"}
{"level":"info","message":"Request from ::1","timestamp":"2017-12-16T15:27:58.080Z"}
{"level":"info","message":"Request from ::1","timestamp":"2017-12-16T15:28:50.578Z"}
{"level":"info","message":"Request from ::1","timestamp":"2017-12-16T15:29:10.073Z"}
{"level":"info","message":"Request from ::1","timestamp":"2017-12-16T15:29:14.163Z"}
{"level":"info","message":"Request from ::1","timestamp":"2017-12-16T15:31:17.708Z"}
{"level":"info","message":"Request from ::1","timestamp":"2017-12-16T15:32:01.106Z"}
{"level":"info","message":"Request from ::1","timestamp":"2017-12-16T15:32:06.940Z"}
{"level":"info","message":"Request from ::1","timestamp":"2017-12-16T15:32:45.320Z"}
{"level":"info","message":"Request from ::1","timestamp":"2017-12-16T15:33:13.408Z"}
{"level":"info","message":"Request from ::1","timestamp":"2017-12-16T15:33:16.090Z"}
{"level":"info","message":"Request from ::1","timestamp":"2017-12-16T15:33:18.760Z"}
{"level":"info","message":"Request from ::1","timestamp":"2017-12-16T15:34:58.778Z"}
{"level":"info","message":"Request from ::1","timestamp":"2017-12-16T15:35:11.608Z"}
{"level":"info","message":"Request from ::1","timestamp":"2017-12-16T15:36:17.733Z"}
{"level":"info","message":"Request from ::1","timestamp":"2017-12-16T15:36:19.572Z"}
{"level":"info","message":"Request from ::1","timestamp":"2017-12-16T15:36:27.010Z"}
{"level":"info","message":"Request from ::1","timestamp":"2017-12-16T15:36:37.145Z"}
{"level":"info","message":"Request from ::1","timestamp":"2017-12-16T15:37:52.644Z"}
{"level":"info","message":"Request from ::1","timestamp":"2017-12-16T15:38:10.946Z"}
{"level":"info","message":"Request from ::1","timestamp":"2017-12-16T15:38:30.133Z"}
{"level":"info","message":"Request from ::1","timestamp":"2017-12-16T15:40:52.257Z"}
{"level":"info","message":"Request from ::1","timestamp":"2017-12-16T15:41:15.517Z"}
{"level":"info","message":"Request from ::1","timestamp":"2017-12-16T15:41:54.682Z"}
{"level":"info","message":"Request from ::1","timestamp":"2017-12-16T15:42:20.950Z"}
{"level":"info","message":"Request from ::1","timestamp":"2017-12-16T15:42:25.398Z"}
{"level":"info","message":"Request from ::1","timestamp":"2017-12-16T15:42:28.800Z"}
{"level":"info","message":"Request from ::1","timestamp":"2017-12-16T15:42:33.818Z"}
{"level":"info","message":"Request from ::1","timestamp":"2017-12-16T15:42:38.919Z"}
{"level":"info","message":"Request from ::1","timestamp":"2017-12-16T15:42:41.765Z"}
{"level":"info","message":"Request from ::1","timestamp":"2017-12-16T15:43:24.130Z"}
{"level":"info","message":"Request from ::1","timestamp":"2017-12-16T15:43:36.035Z"}
{"level":"info","message":"Request from ::1","timestamp":"2017-12-16T15:43:44.654Z"}
{"level":"info","message":"Request from ::1","timestamp":"2017-12-16T15:44:00.457Z"}
{"level":"info","message":"Request from ::1","timestamp":"2017-12-16T15:44:21.840Z"}
{"level":"info","message":"Request from ::1","timestamp":"2017-12-16T15:45:27.052Z"}
{"level":"info","message":"Request from ::1","timestamp":"2017-12-16T15:46:29.457Z"}
{"level":"info","message":"Request from ::1","timestamp":"2017-12-16T15:47:28.814Z"}
{"level":"info","message":"Request from ::1","timestamp":"2017-12-16T15:48:08.845Z"}
{"level":"info","message":"Request from ::1","timestamp":"2017-12-16T15:48:18.332Z"}
{"level":"info","message":"Request from ::1","timestamp":"2017-12-16T15:48:18.363Z"}
{"level":"verbose","message":"Upload file for 5a353cb9425229478c2f9335 and 5a354042425229478c2f9336","timestamp":"2017-12-16T15:48:18.379Z"}
{"level":"info","message":"Request from ::1","timestamp":"2017-12-16T15:48:26.025Z"}
{"level":"info","message":"Request from ::1","timestamp":"2017-12-16T15:49:21.250Z"}
{"level":"info","message":"Request from ::1","timestamp":"2017-12-16T15:49:21.284Z"}
{"level":"verbose","message":"Upload file for 5a353cb9425229478c2f9335 and 5a354042425229478c2f9336","timestamp":"2017-12-16T15:49:21.288Z"}
{"level":"info","message":"Request from ::1","timestamp":"2017-12-16T15:49:29.930Z"}
{"level":"info","message":"Request from ::1","timestamp":"2017-12-16T15:49:29.944Z"}
{"level":"verbose","message":"Upload file for 5a353cb9425229478c2f9335 and 5a354089425229478c2f9337","timestamp":"2017-12-16T15:49:29.949Z"}
{"level":"info","message":"Request from ::1","timestamp":"2017-12-16T15:49:32.119Z"}
{"level":"info","message":"Request from ::1","timestamp":"2017-12-16T15:49:34.910Z"}
{"level":"info","message":"Request from ::1","timestamp":"2017-12-16T15:49:49.746Z"}
{"level":"info","message":"Request from ::1","timestamp":"2017-12-16T15:49:49.893Z"}
{"level":"info","message":"Request from ::1","timestamp":"2017-12-16T15:49:54.393Z"}
{"level":"info","message":"Mongoose connected to the database","timestamp":"2017-12-16T15:51:37.289Z"}
{"level":"info","message":"Request from ::1","timestamp":"2017-12-16T15:51:59.933Z"}
{"level":"info","message":"Request from ::1","timestamp":"2017-12-16T15:52:00.144Z"}
{"level":"info","message":"Request from ::1","timestamp":"2017-12-16T15:53:47.091Z"}
{"level":"info","message":"Request from ::1","timestamp":"2017-12-16T15:53:47.237Z"}
{"level":"info","message":"Request from ::1","timestamp":"2017-12-16T15:53:49.319Z"}
{"level":"info","message":"Request from ::1","timestamp":"2017-12-16T15:54:07.152Z"}
{"level":"info","message":"Request from ::1","timestamp":"2017-12-16T15:54:27.925Z"}
{"level":"info","message":"Request from ::1","timestamp":"2017-12-16T15:55:34.780Z"}
{"level":"info","message":"Request from ::1","timestamp":"2017-12-16T15:55:47.924Z"}
{"level":"info","message":"Request from ::1","timestamp":"2017-12-16T15:55:55.674Z"}
{"level":"info","message":"Request from ::1","timestamp":"2017-12-16T15:56:02.194Z"}
{"level":"info","message":"Request from ::1","timestamp":"2017-12-16T15:56:49.723Z"}
{"level":"info","message":"Request from ::1","timestamp":"2017-12-16T15:59:04.547Z"}
{"level":"info","message":"Request from ::1","timestamp":"2017-12-16T15:59:20.918Z"}
{"level":"info","message":"Request from ::1","timestamp":"2017-12-16T15:59:48.092Z"}
{"level":"info","message":"Request from ::1","timestamp":"2017-12-16T15:59:58.729Z"}
{"level":"info","message":"Request from ::1","timestamp":"2017-12-16T16:00:43.181Z"}
{"level":"info","message":"Request from ::1","timestamp":"2017-12-16T16:00:44.227Z"}
{"level":"info","message":"Request from ::1","timestamp":"2017-12-16T16:00:46.272Z"}
{"level":"info","message":"Request from ::1","timestamp":"2017-12-16T16:00:47.361Z"}
{"level":"info","message":"Request from ::1","timestamp":"2017-12-16T16:00:56.198Z"}
{"level":"info","message":"Request from ::1","timestamp":"2017-12-16T16:01:05.135Z"}
{"level":"info","message":"Request from ::1","timestamp":"2017-12-16T16:01:13.040Z"}
{"level":"info","message":"Request from ::1","timestamp":"2017-12-16T16:01:13.073Z"}
{"level":"verbose","message":"Upload file for 5a353cb9425229478c2f9335 and 5a354349ad1ebb3d941e4feb","timestamp":"2017-12-16T16:01:13.090Z"}
{"level":"info","message":"Mongoose connected to the database","timestamp":"2017-12-16T16:06:15.715Z"}
{"level":"info","message":"Mongoose connected to the database","timestamp":"2017-12-16T16:06:32.626Z"}
{"level":"info","message":"Mongoose connected to the database","timestamp":"2017-12-16T16:06:35.118Z"}
{"level":"info","message":"Mongoose connected to the database","timestamp":"2017-12-16T16:07:15.908Z"}
{"level":"info","message":"Mongoose connected to the database","timestamp":"2017-12-16T16:07:54.024Z"}
{"level":"info","message":"Mongoose connected to the database","timestamp":"2017-12-16T16:08:23.085Z"}
{"level":"info","message":"Request from ::1","timestamp":"2017-12-16T16:08:44.479Z"}
{"level":"info","message":"Mongoose connected to the database","timestamp":"2017-12-16T16:08:58.915Z"}
{"level":"info","message":"Request from ::1","timestamp":"2017-12-16T16:09:04.489Z"}
{"level":"info","message":"Request from ::1","timestamp":"2017-12-16T16:09:04.702Z"}
{"level":"info","message":"Request from ::1","timestamp":"2017-12-16T16:09:09.289Z"}
{"level":"info","message":"Request from ::1","timestamp":"2017-12-16T16:09:10.464Z"}
{"level":"info","message":"Request from ::1","timestamp":"2017-12-16T16:09:11.584Z"}
{"level":"info","message":"Mongoose connected to the database","timestamp":"2017-12-16T16:12:01.936Z"}
{"level":"info","message":"Mongoose connected to the database","timestamp":"2017-12-16T16:15:51.242Z"}
{"level":"info","message":"Mongoose connected to the database","timestamp":"2017-12-16T16:16:05.029Z"}
{"level":"info","message":"Mongoose connected to the database","timestamp":"2017-12-16T16:16:55.427Z"}
{"level":"info","message":"Request from ::1","timestamp":"2017-12-16T16:17:01.431Z"}
{"level":"info","message":"Request from ::1","timestamp":"2017-12-16T16:17:01.473Z"}
{"level":"info","message":"Request from ::1","timestamp":"2017-12-16T16:17:02.705Z"}
{"level":"info","message":"Request from ::1","timestamp":"2017-12-16T16:17:56.577Z"}
{"level":"error","message":"","timestamp":"2017-12-16T16:17:56.635Z"}
{"level":"info","message":"Request from ::1","timestamp":"2017-12-16T16:18:01.172Z"}
{"level":"error","message":"","timestamp":"2017-12-16T16:18:01.178Z"}
{"level":"info","message":"Request from ::1","timestamp":"2017-12-16T16:18:03.802Z"}
{"level":"error","message":"","timestamp":"2017-12-16T16:18:03.804Z"}
{"level":"info","message":"Request from ::1","timestamp":"2017-12-16T16:18:03.962Z"}
{"level":"error","message":"","timestamp":"2017-12-16T16:18:03.965Z"}
{"level":"info","message":"Request from ::1","timestamp":"2017-12-16T16:18:22.628Z"}
{"level":"error","message":"","timestamp":"2017-12-16T16:18:22.633Z"}
{"level":"info","message":"Request from ::1","timestamp":"2017-12-16T16:18:22.943Z"}
{"level":"error","message":"","timestamp":"2017-12-16T16:18:22.946Z"}
{"level":"info","message":"Request from ::1","timestamp":"2017-12-16T16:18:31.950Z"}
{"level":"info","message":"Request from ::1","timestamp":"2017-12-16T16:18:33.485Z"}
{"level":"info","message":"Request from ::1","timestamp":"2017-12-16T16:18:33.634Z"}
{"level":"info","message":"Request from ::1","timestamp":"2017-12-16T16:18:44.178Z"}
{"level":"info","message":"Request from ::1","timestamp":"2017-12-16T16:18:47.526Z"}
{"level":"info","message":"Request from ::1","timestamp":"2017-12-16T16:18:54.907Z"}
{"level":"info","message":"Request from ::1","timestamp":"2017-12-16T16:18:54.966Z"}
{"level":"verbose","message":"Upload file for 5a3547646188113ed409de67 and 5a35476e6188113ed409de68","timestamp":"2017-12-16T16:18:54.983Z"}
{"level":"info","message":"Mongoose connected to the database","timestamp":"2017-12-16T16:23:05.027Z"}
{"level":"info","message":"Mongoose connected to the database","timestamp":"2017-12-16T16:23:38.721Z"}
{"level":"info","message":"Request from ::1","timestamp":"2017-12-16T16:23:42.037Z"}
{"level":"info","message":"Request from ::1","timestamp":"2017-12-16T16:23:42.255Z"}
{"level":"info","message":"Request from ::1","timestamp":"2017-12-16T16:23:42.915Z"}
{"level":"info","message":"Request from ::1","timestamp":"2017-12-16T16:23:43.106Z"}
{"level":"info","message":"Request from ::1","timestamp":"2017-12-16T16:23:50.322Z"}
{"level":"info","message":"Request from ::1","timestamp":"2017-12-16T16:23:50.535Z"}
{"level":"info","message":"Request from ::1","timestamp":"2017-12-16T17:39:30.187Z"}
{"level":"info","message":"Request from ::1","timestamp":"2017-12-16T17:39:30.299Z"}
